C51 COMPILER V9.56.0.0   UART                                                              01/13/2017 21:39:47 PAGE 1   


C51 COMPILER V9.56.0.0, COMPILATION OF MODULE UART
OBJECT MODULE PLACED IN uart.OBJ
COMPILER INVOKED BY: D:\Program Files (x86)\MDK5\C51\BIN\C51.EXE uart.c OPTIMIZE(8,SPEED) BROWSE DEBUG OBJECTEXTEND TABS
                    -(2)

line level    source

   1          #include "uart.h"
   2          
   3          #define Uart1_Buf_Max 100               //串口数据缓存长度
   4          u8 xdata  Rec_Buf[Uart1_Buf_Max];  //串口数据缓存
   5          u8 point1 = 0;             //绶存指针
   6          
   7          
   8          void Uart_Init()  //115200@11.0592M                  
   9          {
  10   1        PCON &= 0x7F;   //波特率不倍速
  11   1        SCON = 0x50;    //8位数据,可变波特率
  12   1        AUXR |= 0x40;   //定时器1时钟为Fosc,即1T
  13   1        AUXR &= 0xFE;   //串口1选择定时器1为波特率发生器
  14   1        TMOD &= 0x0F;   //清除定时器1模式位
  15   1        TMOD |= 0x20;   //设定定时器1为8位自动重装方式
  16   1        TL1 = 0xFD;   //设定定时初值
  17   1        TH1 = 0xFD;   //设定定时器重装值
  18   1        ET1 = 0;    //禁止定时器1中断
  19   1        TR1 = 1;    //启动定时器1
  20   1        EA   = 1;     //打开全局中断控制
  21   1        ES   = 1;     //串行口中断  
  22   1      }
  23          
  24          
  25          /*----------------------------
  26          发送串口数据
  27          ----------------------------*/
  28          void SendData(unsigned char ch)
  29          {
  30   1          SBUF = ch;                 //写数据到UART数据寄存器
  31   1          while(TI == 0);
  32   1          TI = 0;
  33   1      }
  34          
  35          /*----------------------------
  36          发送字符串
  37          ----------------------------*/
  38          void SendString(char *s)
  39          {
  40   1          while (*s)                  //检测字符串结束标志
  41   1          {
  42   2              SendData(*s++);         //发送当前字符
  43   2          }
  44   1      }
  45          
  46          bit Hand(unsigned char *a)                   // 串口命令识别函数
  47          { 
  48   1          if(strstr(Rec_Buf,a)!=NULL)
  49   1            return 1;
  50   1        else
  51   1          return 0;
  52   1      }
  53          
  54          void CLR_Buf(void)                           // 串口缓存清理
C51 COMPILER V9.56.0.0   UART                                                              01/13/2017 21:39:47 PAGE 2   

  55          {
  56   1        memset(Rec_Buf, 0, Uart1_Buf_Max);      //清空
  57   1      
  58   1          point1 = 0;                    
  59   1      }
  60          
  61          void RECEIVE_DATA(void) interrupt 4 using 1         //串口中断        
  62          {    
  63   1        ES = 0;
  64   1        if (RI)
  65   1          {
  66   2              RI = 0;                                //清除RI位
  67   2          Rec_Buf[point1] = SBUF; 
  68   2      //    if (Rec_Buf[0] == 0xd9)
  69   2      //      {
  70   2      //        IAP_CONTR = 0x60;
  71   2      //      }
  72   2            
  73   2          point1++;               
  74   2          if(point1>=Uart1_Buf_Max)          
  75   2          {
  76   3            point1 = 0;
  77   3          }           
  78   2      
  79   2          }
  80   1        ES =  1;
  81   1      
  82   1      }
  83          
  84          
  85          
  86          
  87          
  88          
  89          
  90          
  91          
  92          
  93          
  94          
  95          
  96          
  97          
  98          
  99          
 100          
 101          
 102          


MODULE INFORMATION:   STATIC OVERLAYABLE
   CODE SIZE        =    179    ----
   CONSTANT SIZE    =   ----    ----
   XDATA SIZE       =    100    ----
   PDATA SIZE       =   ----    ----
   DATA SIZE        =      1       6
   IDATA SIZE       =   ----    ----
   BIT SIZE         =   ----    ----
END OF MODULE INFORMATION.


C51 COMPILATION COMPLETE.  0 WARNING(S),  0 ERROR(S)
